c:\users\itste\source\repos\xml_parser\x64\debug\vc143.pdb
c:\users\itste\source\repos\xml_parser\x64\debug\vc143.idb
c:\users\itste\source\repos\xml_parser\x64\debug\xml_parser.obj
c:\users\itste\source\repos\xml_parser\x64\debug\xml_parser.obj.enc
c:\users\itste\source\repos\xml_parser\x64\debug\xml_parser.pdb
c:\users\itste\source\repos\xml_parser\x64\debug\xml_parser.tlog\cl.command.1.tlog
c:\users\itste\source\repos\xml_parser\x64\debug\xml_parser.tlog\cl.read.1.tlog
c:\users\itste\source\repos\xml_parser\x64\debug\xml_parser.tlog\cl.write.1.tlog
c:\users\itste\source\repos\xml_parser\x64\debug\xml_parser.tlog\link-cvtres.read.1.tlog
c:\users\itste\source\repos\xml_parser\x64\debug\xml_parser.tlog\link-cvtres.write.1.tlog
c:\users\itste\source\repos\xml_parser\x64\debug\xml_parser.tlog\link-rc.read.1.tlog
c:\users\itste\source\repos\xml_parser\x64\debug\xml_parser.tlog\link-rc.write.1.tlog
c:\users\itste\source\repos\xml_parser\x64\debug\xml_parser.tlog\link.19040-cvtres.read.1.tlog
c:\users\itste\source\repos\xml_parser\x64\debug\xml_parser.tlog\link.19040-cvtres.write.1.tlog
c:\users\itste\source\repos\xml_parser\x64\debug\xml_parser.tlog\link.19040-rc.read.1.tlog
c:\users\itste\source\repos\xml_parser\x64\debug\xml_parser.tlog\link.19040-rc.write.1.tlog
c:\users\itste\source\repos\xml_parser\x64\debug\xml_parser.tlog\link.19040.read.1.tlog
c:\users\itste\source\repos\xml_parser\x64\debug\xml_parser.tlog\link.19040.read.2.tlog
c:\users\itste\source\repos\xml_parser\x64\debug\xml_parser.tlog\link.19040.write.1.tlog
c:\users\itste\source\repos\xml_parser\x64\debug\xml_parser.tlog\link.command.1.tlog
c:\users\itste\source\repos\xml_parser\x64\debug\xml_parser.tlog\link.read.1.tlog
c:\users\itste\source\repos\xml_parser\x64\debug\xml_parser.tlog\link.read.2.tlog
c:\users\itste\source\repos\xml_parser\x64\debug\xml_parser.tlog\link.write.1.tlog
